<?xml version="1.0" encoding="UTF-8"?>
<!-- Generated by org.testng.reporters.JUnitXMLReporter -->
<testsuite ignored="0" hostname="LAPTOP-U2DQVJNJ" failures="0" tests="4" name="Test" time="32.918" errors="0" timestamp="2023-06-08T23:16:08 IST">
  <testcase classname="testcases.UserSinup_Login" name="UserDetails" time="11.449"/>
  <testcase classname="testcases.UserChekout_SingleItem" name="chkoutSingleitem" time="9.37"/>
  <testcase classname="testcases.SupplierSignup_Login" name="SignupSupplr" time="18.313"/>
  <testcase classname="testcases.UserCheckout_MultipleItems" name="MultiItemchkout" time="23.923"/>
</testsuite> <!-- Test -->
