<?xml version="1.0" encoding="UTF-8"?>
<testng-results ignored="0" total="1" passed="1" failed="0" skipped="0">
  <reporter-output>
  </reporter-output>
  <suite started-at="2023-06-08T23:21:16 IST" name="Default suite" finished-at="2023-06-08T23:21:33 IST" duration-ms="17680">
    <groups>
    </groups>
    <test started-at="2023-06-08T23:21:16 IST" name="Default test" finished-at="2023-06-08T23:21:33 IST" duration-ms="17680">
      <class name="testcases.SupplierSignup_Login">
        <test-method is-config="true" signature="validate_HomePage()[pri:0, instance:testcases.SupplierSignup_Login@434a63ab]" started-at="2023-06-08T23:21:16 IST" name="validate_HomePage" finished-at="2023-06-08T23:21:19 IST" duration-ms="3018" status="PASS">
          <reporter-output>
          </reporter-output>
        </test-method> <!-- validate_HomePage -->
        <test-method signature="SignupSupplr()[pri:0, instance:testcases.SupplierSignup_Login@434a63ab]" started-at="2023-06-08T23:21:19 IST" name="SignupSupplr" finished-at="2023-06-08T23:21:32 IST" duration-ms="13547" status="PASS">
          <reporter-output>
          </reporter-output>
        </test-method> <!-- SignupSupplr -->
        <test-method is-config="true" signature="cleanUpActivities()[pri:0, instance:testcases.SupplierSignup_Login@434a63ab]" started-at="2023-06-08T23:21:32 IST" name="cleanUpActivities" finished-at="2023-06-08T23:21:33 IST" duration-ms="1079" status="PASS">
          <reporter-output>
          </reporter-output>
        </test-method> <!-- cleanUpActivities -->
      </class> <!-- testcases.SupplierSignup_Login -->
    </test> <!-- Default test -->
  </suite> <!-- Default suite -->
</testng-results>
